<testsuites id="" name="" tests="15" failures="2" skipped="0" errors="0" time="12.92441">
<testsuite name="reports-api-web.spec.ts" timestamp="2025-07-21T19:42:22.346Z" hostname="chromium" tests="15" failures="2" skipped="0" time="57.988" errors="0">
<testcase name="Reports API Web Interface › should display reports section with proper navigation" classname="reports-api-web.spec.ts" time="1.418">
</testcase>
<testcase name="Reports API Web Interface › should show reports API status and functionality" classname="reports-api-web.spec.ts" time="1.667">
</testcase>
<testcase name="Reports API Web Interface › should display all available report types" classname="reports-api-web.spec.ts" time="11.666">
<failure message="reports-api-web.spec.ts:48:7 should display all available report types" type="FAILURE">
<![CDATA[  [chromium] › reports-api-web.spec.ts:48:7 › Reports API Web Interface › should display all available report types 

    Error: Timed out 10000ms waiting for expect(locator).toBeVisible()

    Locator: locator('h4:has-text("Audit Trail Report")')
    Expected: visible
    Received: <element(s) not found>
    Call log:
      - Expect "toBeVisible" with timeout 10000ms
      - waiting for locator('h4:has-text("Audit Trail Report")')


      50 |     
      51 |     // Verify all three report types are available
    > 52 |     await expect(page.locator('h4:has-text("Audit Trail Report")')).toBeVisible();
         |                                                                     ^
      53 |     await expect(page.locator('h4:has-text("Design History File Report")')).toBeVisible();
      54 |     await expect(page.locator('h4:has-text("Risk Management Report")')).toBeVisible();
      55 |   });
        at C:\Users\RyanClanton\gcli\software\QMS\qms\tests\e2e\tests\reports-api-web.spec.ts:52:69

    attachment #1: screenshot (image/png) ──────────────────────────────────────────────────────────
    ..\test-results\reports-api-web-Reports-AP-47096--all-available-report-types-chromium\test-failed-1.png
    ────────────────────────────────────────────────────────────────────────────────────────────────

    attachment #2: video (video/webm) ──────────────────────────────────────────────────────────────
    ..\test-results\reports-api-web-Reports-AP-47096--all-available-report-types-chromium\video.webm
    ────────────────────────────────────────────────────────────────────────────────────────────────

    Error Context: ..\test-results\reports-api-web-Reports-AP-47096--all-available-report-types-chromium\error-context.md
]]>
</failure>
<system-out>
<![CDATA[
[[ATTACHMENT|reports-api-web-Reports-AP-47096--all-available-report-types-chromium\test-failed-1.png]]

[[ATTACHMENT|reports-api-web-Reports-AP-47096--all-available-report-types-chromium\video.webm]]

[[ATTACHMENT|reports-api-web-Reports-AP-47096--all-available-report-types-chromium\error-context.md]]
]]>
</system-out>
</testcase>
<testcase name="Reports API Web Interface › should show proper report descriptions and compliance badges" classname="reports-api-web.spec.ts" time="1.818">
</testcase>
<testcase name="Reports API Web Interface › should provide format selection for reports" classname="reports-api-web.spec.ts" time="1.412">
<failure message="reports-api-web.spec.ts:73:7 should provide format selection for reports" type="FAILURE">
<![CDATA[  [chromium] › reports-api-web.spec.ts:73:7 › Reports API Web Interface › should provide format selection for reports 

    Error: expect(received).toBeGreaterThanOrEqual(expected)

    Expected: >= 3
    Received:    0

      77 |     // Verify the reports section shows format dropdowns
      78 |     const formatSelectors = page.locator('select');
    > 79 |     expect(await formatSelectors.count()).toBeGreaterThanOrEqual(3);
         |                                           ^
      80 |
      81 |     // Verify report generation buttons are available
      82 |     const generateButtons = page.locator('button:has-text("Generate Report")');
        at C:\Users\RyanClanton\gcli\software\QMS\qms\tests\e2e\tests\reports-api-web.spec.ts:79:43

    attachment #1: screenshot (image/png) ──────────────────────────────────────────────────────────
    ..\test-results\reports-api-web-Reports-AP-81da7-ormat-selection-for-reports-chromium\test-failed-1.png
    ────────────────────────────────────────────────────────────────────────────────────────────────

    attachment #2: video (video/webm) ──────────────────────────────────────────────────────────────
    ..\test-results\reports-api-web-Reports-AP-81da7-ormat-selection-for-reports-chromium\video.webm
    ────────────────────────────────────────────────────────────────────────────────────────────────

    Error Context: ..\test-results\reports-api-web-Reports-AP-81da7-ormat-selection-for-reports-chromium\error-context.md
]]>
</failure>
<system-out>
<![CDATA[
[[ATTACHMENT|reports-api-web-Reports-AP-81da7-ormat-selection-for-reports-chromium\test-failed-1.png]]

[[ATTACHMENT|reports-api-web-Reports-AP-81da7-ormat-selection-for-reports-chromium\video.webm]]

[[ATTACHMENT|reports-api-web-Reports-AP-81da7-ormat-selection-for-reports-chromium\error-context.md]]
]]>
</system-out>
</testcase>
<testcase name="Reports API Web Interface › should generate Audit Trail Report successfully" classname="reports-api-web.spec.ts" time="4.869">
</testcase>
<testcase name="Reports API Web Interface › should generate Risk Management Report successfully" classname="reports-api-web.spec.ts" time="4.936">
</testcase>
<testcase name="Reports API Web Interface › should show proper report content and formatting" classname="reports-api-web.spec.ts" time="4.761">
</testcase>
<testcase name="Reports API Web Interface › should provide download functionality for generated reports" classname="reports-api-web.spec.ts" time="4.759">
</testcase>
<testcase name="Reports API Web Interface › should provide print functionality for generated reports" classname="reports-api-web.spec.ts" time="4.791">
</testcase>
<testcase name="Reports API Web Interface › should handle multiple report generation" classname="reports-api-web.spec.ts" time="1.303">
</testcase>
<testcase name="Reports API Web Interface › should maintain regulatory compliance in report content" classname="reports-api-web.spec.ts" time="4.486">
</testcase>
<testcase name="Reports API Web Interface › should handle report generation errors gracefully" classname="reports-api-web.spec.ts" time="6.376">
</testcase>
<testcase name="Reports API Web Interface › should maintain responsive design for reports interface" classname="reports-api-web.spec.ts" time="0.91">
</testcase>
<testcase name="Reports API Web Interface › should provide return to dashboard functionality" classname="reports-api-web.spec.ts" time="2.816">
</testcase>
</testsuite>
</testsuites>